<?xml version="1.0" encoding="UTF-8"?>
<!-- Generated by org.testng.reporters.JUnitXMLReporter -->
<testsuite ignored="0" hostname="Surya" failures="0" tests="3" name="Default test" time="25.407" errors="0" timestamp="2024-07-11T13:00:11 EDT">
  <testcase classname="TestMethods.TestStrategies" name="test" time="3.462"/>
  <testcase classname="TestMethods.TestStrategies" name="FacebookAccessverify" time="10.081"/>
  <testcase classname="TestMethods.TestStrategies" name="facebookLogin" time="6.062"/>
</testsuite> <!-- Default test -->
