<?xml version="1.0" encoding="UTF-8"?>
<!-- Generated by org.testng.reporters.JUnitXMLReporter -->
<testsuite ignored="0" hostname="Surya" failures="0" tests="3" name="Test" time="23.74" errors="0" timestamp="2024-07-11T13:05:41 EDT">
  <testcase classname="TestMethods.TestStrategies" name="test" time="3.175"/>
  <testcase classname="TestMethods.TestStrategies" name="FacebookAccessverify" time="10.066"/>
  <testcase classname="TestMethods.TestStrategies" name="facebookLogin" time="4.217"/>
</testsuite> <!-- Test -->
