<?xml version="1.0" encoding="UTF-8"?>
<testng-results ignored="0" total="3" passed="3" failed="0" skipped="0">
  <reporter-output>
  </reporter-output>
  <suite started-at="2024-07-11T13:23:21 EDT" name="Surefire suite" finished-at="2024-07-11T13:23:44 EDT" duration-ms="22943">
    <groups>
    </groups>
    <test started-at="2024-07-11T13:23:21 EDT" name="Surefire test" finished-at="2024-07-11T13:23:44 EDT" duration-ms="22943">
      <class name="TestMethods.TestStrategies">
        <test-method is-config="true" signature="beforetest()[pri:0, instance:TestMethods.TestStrategies@7c24b813]" started-at="2024-07-11T13:23:21 EDT" name="beforetest" finished-at="2024-07-11T13:23:24 EDT" duration-ms="3162" status="PASS">
          <reporter-output>
          </reporter-output>
        </test-method> <!-- beforetest -->
        <test-method signature="test()[pri:0, instance:TestMethods.TestStrategies@7c24b813]" started-at="2024-07-11T13:23:24 EDT" name="test" finished-at="2024-07-11T13:23:27 EDT" duration-ms="3203" status="PASS">
          <reporter-output>
          </reporter-output>
        </test-method> <!-- test -->
        <test-method signature="FacebookAccessverify()[pri:1, instance:TestMethods.TestStrategies@7c24b813]" started-at="2024-07-11T13:23:27 EDT" name="FacebookAccessverify" finished-at="2024-07-11T13:23:37 EDT" duration-ms="10062" status="PASS">
          <reporter-output>
          </reporter-output>
        </test-method> <!-- FacebookAccessverify -->
        <test-method signature="facebookLogin()[pri:2, instance:TestMethods.TestStrategies@7c24b813]" started-at="2024-07-11T13:23:37 EDT" name="facebookLogin" finished-at="2024-07-11T13:23:42 EDT" duration-ms="4908" status="PASS">
          <reporter-output>
          </reporter-output>
        </test-method> <!-- facebookLogin -->
        <test-method is-config="true" signature="aftertest()[pri:0, instance:TestMethods.TestStrategies@7c24b813]" started-at="2024-07-11T13:23:42 EDT" name="aftertest" finished-at="2024-07-11T13:23:44 EDT" duration-ms="1526" status="PASS">
          <reporter-output>
          </reporter-output>
        </test-method> <!-- aftertest -->
      </class> <!-- TestMethods.TestStrategies -->
    </test> <!-- Surefire test -->
  </suite> <!-- Surefire suite -->
</testng-results>
