<?xml version="1.0" encoding="UTF-8"?>
<testng-results ignored="0" total="3" passed="3" failed="0" skipped="0">
  <reporter-output>
  </reporter-output>
  <suite started-at="2024-07-11T13:05:17 EDT" name="Suite" finished-at="2024-07-11T13:05:41 EDT" duration-ms="23740">
    <groups>
    </groups>
    <test started-at="2024-07-11T13:05:17 EDT" name="Test" finished-at="2024-07-11T13:05:41 EDT" duration-ms="23740">
      <class name="TestMethods.TestStrategies">
        <test-method is-config="true" signature="beforetest()[pri:0, instance:TestMethods.TestStrategies@4a83a74a]" started-at="2024-07-11T13:05:17 EDT" name="beforetest" finished-at="2024-07-11T13:05:21 EDT" duration-ms="3385" status="PASS">
          <reporter-output>
          </reporter-output>
        </test-method> <!-- beforetest -->
        <test-method signature="test()[pri:0, instance:TestMethods.TestStrategies@4a83a74a]" started-at="2024-07-11T13:05:21 EDT" name="test" finished-at="2024-07-11T13:05:24 EDT" duration-ms="3175" status="PASS">
          <reporter-output>
          </reporter-output>
        </test-method> <!-- test -->
        <test-method signature="FacebookAccessverify()[pri:1, instance:TestMethods.TestStrategies@4a83a74a]" started-at="2024-07-11T13:05:24 EDT" name="FacebookAccessverify" finished-at="2024-07-11T13:05:34 EDT" duration-ms="10066" status="PASS">
          <reporter-output>
          </reporter-output>
        </test-method> <!-- FacebookAccessverify -->
        <test-method signature="facebookLogin()[pri:2, instance:TestMethods.TestStrategies@4a83a74a]" started-at="2024-07-11T13:05:34 EDT" name="facebookLogin" finished-at="2024-07-11T13:05:38 EDT" duration-ms="4217" status="PASS">
          <reporter-output>
          </reporter-output>
        </test-method> <!-- facebookLogin -->
        <test-method is-config="true" signature="aftertest()[pri:0, instance:TestMethods.TestStrategies@4a83a74a]" started-at="2024-07-11T13:05:38 EDT" name="aftertest" finished-at="2024-07-11T13:05:41 EDT" duration-ms="2818" status="PASS">
          <reporter-output>
          </reporter-output>
        </test-method> <!-- aftertest -->
      </class> <!-- TestMethods.TestStrategies -->
    </test> <!-- Test -->
  </suite> <!-- Suite -->
</testng-results>
